# Logfile created on 2014-04-27 19:07:03 +0100 by logger.rb/31641
I, [2014-04-27T19:07:06.863744 #13101]  INFO -- : roll_points
D, [2014-04-27T19:07:06.864064 #13101] DEBUG -- : 0
I, [2014-04-27T19:07:06.864156 #13101]  INFO -- : round_points
D, [2014-04-27T19:07:06.864222 #13101] DEBUG -- : 0
I, [2014-04-27T19:07:06.864282 #13101]  INFO -- : first_roll
D, [2014-04-27T19:07:06.864340 #13101] DEBUG -- : true
I, [2014-04-27T19:07:13.266638 #13101]  INFO -- : roll_points
D, [2014-04-27T19:07:13.266923 #13101] DEBUG -- : 0
I, [2014-04-27T19:07:13.267016 #13101]  INFO -- : round_points
D, [2014-04-27T19:07:13.267087 #13101] DEBUG -- : 0
I, [2014-04-27T19:07:13.267153 #13101]  INFO -- : first_roll
D, [2014-04-27T19:07:13.267218 #13101] DEBUG -- : nil
I, [2014-04-27T19:07:13.473925 #13101]  INFO -- : roll_points
D, [2014-04-27T19:07:13.474115 #13101] DEBUG -- : 0
I, [2014-04-27T19:07:13.474218 #13101]  INFO -- : round_points
D, [2014-04-27T19:07:13.474306 #13101] DEBUG -- : 0
I, [2014-04-27T19:07:13.474393 #13101]  INFO -- : first_roll
D, [2014-04-27T19:07:13.474481 #13101] DEBUG -- : nil
I, [2014-04-27T19:07:15.608235 #13101]  INFO -- : roll_points
D, [2014-04-27T19:07:15.608359 #13101] DEBUG -- : 0
I, [2014-04-27T19:07:15.608413 #13101]  INFO -- : round_points
D, [2014-04-27T19:07:15.608457 #13101] DEBUG -- : 0
I, [2014-04-27T19:07:15.608499 #13101]  INFO -- : first_roll
D, [2014-04-27T19:07:15.608541 #13101] DEBUG -- : nil
I, [2014-04-27T19:07:17.000956 #13101]  INFO -- : roll_points
D, [2014-04-27T19:07:17.001306 #13101] DEBUG -- : 50
I, [2014-04-27T19:07:17.001435 #13101]  INFO -- : round_points
D, [2014-04-27T19:07:17.001526 #13101] DEBUG -- : 0
I, [2014-04-27T19:07:17.001609 #13101]  INFO -- : first_roll
D, [2014-04-27T19:07:17.001695 #13101] DEBUG -- : nil
I, [2014-04-27T19:07:20.476812 #13101]  INFO -- : roll_points
D, [2014-04-27T19:07:20.476992 #13101] DEBUG -- : 0
I, [2014-04-27T19:07:20.477086 #13101]  INFO -- : round_points
D, [2014-04-27T19:07:20.477172 #13101] DEBUG -- : 50
I, [2014-04-27T19:07:20.477256 #13101]  INFO -- : first_roll
D, [2014-04-27T19:07:20.477336 #13101] DEBUG -- : nil
I, [2014-04-27T19:07:22.779360 #13101]  INFO -- : roll_points
D, [2014-04-27T19:07:22.779499 #13101] DEBUG -- : 100
I, [2014-04-27T19:07:22.779554 #13101]  INFO -- : round_points
D, [2014-04-27T19:07:22.779598 #13101] DEBUG -- : 50
I, [2014-04-27T19:07:22.779641 #13101]  INFO -- : first_roll
D, [2014-04-27T19:07:22.779682 #13101] DEBUG -- : nil
I, [2014-04-27T19:07:22.981324 #13101]  INFO -- : roll_points
D, [2014-04-27T19:07:22.981497 #13101] DEBUG -- : 0
I, [2014-04-27T19:07:22.981560 #13101]  INFO -- : round_points
D, [2014-04-27T19:07:22.981609 #13101] DEBUG -- : 150
I, [2014-04-27T19:07:22.981652 #13101]  INFO -- : first_roll
D, [2014-04-27T19:07:22.981694 #13101] DEBUG -- : nil
I, [2014-04-27T19:07:23.851431 #13101]  INFO -- : roll_points
D, [2014-04-27T19:07:23.851600 #13101] DEBUG -- : 0
I, [2014-04-27T19:07:23.851680 #13101]  INFO -- : round_points
D, [2014-04-27T19:07:23.851765 #13101] DEBUG -- : 150
I, [2014-04-27T19:07:23.851848 #13101]  INFO -- : first_roll
D, [2014-04-27T19:07:23.851933 #13101] DEBUG -- : nil
I, [2014-04-27T19:11:15.307326 #13108]  INFO -- : roll_points
D, [2014-04-27T19:11:15.307642 #13108] DEBUG -- : 0
I, [2014-04-27T19:11:15.307705 #13108]  INFO -- : round_points
D, [2014-04-27T19:11:15.307763 #13108] DEBUG -- : 0
I, [2014-04-27T19:11:15.307833 #13108]  INFO -- : first_roll
D, [2014-04-27T19:11:15.307904 #13108] DEBUG -- : true
I, [2014-04-27T19:11:17.142193 #13108]  INFO -- : roll_points
D, [2014-04-27T19:11:17.142309 #13108] DEBUG -- : 0
I, [2014-04-27T19:11:17.142359 #13108]  INFO -- : round_points
D, [2014-04-27T19:11:17.142400 #13108] DEBUG -- : 0
I, [2014-04-27T19:11:17.142439 #13108]  INFO -- : first_roll
D, [2014-04-27T19:11:17.142477 #13108] DEBUG -- : nil
I, [2014-04-27T19:11:17.997232 #13108]  INFO -- : roll_points
D, [2014-04-27T19:11:17.997515 #13108] DEBUG -- : 100
I, [2014-04-27T19:11:17.997597 #13108]  INFO -- : round_points
D, [2014-04-27T19:11:17.997662 #13108] DEBUG -- : 0
I, [2014-04-27T19:11:17.997723 #13108]  INFO -- : first_roll
D, [2014-04-27T19:11:17.997834 #13108] DEBUG -- : nil
I, [2014-04-27T19:11:19.321947 #13108]  INFO -- : roll_points
D, [2014-04-27T19:11:19.322351 #13108] DEBUG -- : 0
I, [2014-04-27T19:11:19.322457 #13108]  INFO -- : round_points
D, [2014-04-27T19:11:19.322547 #13108] DEBUG -- : 100
I, [2014-04-27T19:11:19.322637 #13108]  INFO -- : first_roll
D, [2014-04-27T19:11:19.322724 #13108] DEBUG -- : nil
I, [2014-04-27T19:11:23.463126 #13108]  INFO -- : roll_points
D, [2014-04-27T19:11:23.463356 #13108] DEBUG -- : 0
I, [2014-04-27T19:11:23.463490 #13108]  INFO -- : round_points
D, [2014-04-27T19:11:23.463571 #13108] DEBUG -- : 100
I, [2014-04-27T19:11:23.463640 #13108]  INFO -- : first_roll
D, [2014-04-27T19:11:23.463746 #13108] DEBUG -- : nil
I, [2014-04-27T19:11:24.073005 #13108]  INFO -- : roll_points
D, [2014-04-27T19:11:24.073293 #13108] DEBUG -- : 50
I, [2014-04-27T19:11:24.073416 #13108]  INFO -- : round_points
D, [2014-04-27T19:11:24.073522 #13108] DEBUG -- : 100
I, [2014-04-27T19:11:24.073760 #13108]  INFO -- : first_roll
D, [2014-04-27T19:11:24.073947 #13108] DEBUG -- : nil
I, [2014-04-27T19:11:25.678470 #13108]  INFO -- : roll_points
D, [2014-04-27T19:11:25.678632 #13108] DEBUG -- : 100
I, [2014-04-27T19:11:25.678698 #13108]  INFO -- : round_points
D, [2014-04-27T19:11:25.678753 #13108] DEBUG -- : 100
I, [2014-04-27T19:11:25.678822 #13108]  INFO -- : first_roll
D, [2014-04-27T19:11:25.678867 #13108] DEBUG -- : nil
I, [2014-04-27T19:11:27.696540 #13108]  INFO -- : roll_points
D, [2014-04-27T19:11:27.696671 #13108] DEBUG -- : 0
I, [2014-04-27T19:11:27.696731 #13108]  INFO -- : round_points
D, [2014-04-27T19:11:27.696780 #13108] DEBUG -- : 200
I, [2014-04-27T19:11:27.696827 #13108]  INFO -- : first_roll
D, [2014-04-27T19:11:27.696883 #13108] DEBUG -- : nil
I, [2014-04-27T19:11:30.876823 #13108]  INFO -- : roll_points
D, [2014-04-27T19:11:30.877337 #13108] DEBUG -- : 0
I, [2014-04-27T19:11:30.877441 #13108]  INFO -- : round_points
D, [2014-04-27T19:11:30.877540 #13108] DEBUG -- : 200
I, [2014-04-27T19:11:30.877630 #13108]  INFO -- : first_roll
D, [2014-04-27T19:11:30.877723 #13108] DEBUG -- : nil
I, [2014-04-27T19:11:32.939860 #13108]  INFO -- : roll_points
D, [2014-04-27T19:11:32.940167 #13108] DEBUG -- : 100
I, [2014-04-27T19:11:32.940310 #13108]  INFO -- : round_points
D, [2014-04-27T19:11:32.940400 #13108] DEBUG -- : 200
I, [2014-04-27T19:11:32.940477 #13108]  INFO -- : first_roll
D, [2014-04-27T19:11:32.940544 #13108] DEBUG -- : nil
I, [2014-04-27T19:11:33.116377 #13108]  INFO -- : roll_points
D, [2014-04-27T19:11:33.116667 #13108] DEBUG -- : 0
I, [2014-04-27T19:11:33.116781 #13108]  INFO -- : round_points
D, [2014-04-27T19:11:33.116851 #13108] DEBUG -- : 0
I, [2014-04-27T19:11:33.116918 #13108]  INFO -- : first_roll
D, [2014-04-27T19:11:33.116984 #13108] DEBUG -- : true
I, [2014-04-27T19:11:37.430466 #13108]  INFO -- : roll_points
D, [2014-04-27T19:11:37.430604 #13108] DEBUG -- : 0
I, [2014-04-27T19:11:37.430663 #13108]  INFO -- : round_points
D, [2014-04-27T19:11:37.430721 #13108] DEBUG -- : 0
I, [2014-04-27T19:11:37.430769 #13108]  INFO -- : first_roll
D, [2014-04-27T19:11:37.430814 #13108] DEBUG -- : nil
I, [2014-04-27T19:11:39.644683 #13108]  INFO -- : roll_points
D, [2014-04-27T19:11:39.644841 #13108] DEBUG -- : 0
I, [2014-04-27T19:11:39.644942 #13108]  INFO -- : round_points
D, [2014-04-27T19:11:39.645005 #13108] DEBUG -- : 0
I, [2014-04-27T19:11:39.645054 #13108]  INFO -- : first_roll
D, [2014-04-27T19:11:39.645097 #13108] DEBUG -- : nil
I, [2014-04-27T19:11:41.248688 #13108]  INFO -- : roll_points
D, [2014-04-27T19:11:41.248848 #13108] DEBUG -- : 100
I, [2014-04-27T19:11:41.248910 #13108]  INFO -- : round_points
D, [2014-04-27T19:11:41.248959 #13108] DEBUG -- : 0
I, [2014-04-27T19:11:41.249012 #13108]  INFO -- : first_roll
D, [2014-04-27T19:11:41.249058 #13108] DEBUG -- : nil
I, [2014-04-27T19:11:46.525283 #13108]  INFO -- : roll_points
D, [2014-04-27T19:11:46.525629 #13108] DEBUG -- : 100
I, [2014-04-27T19:11:46.525711 #13108]  INFO -- : round_points
D, [2014-04-27T19:11:46.525775 #13108] DEBUG -- : 0
I, [2014-04-27T19:11:46.525877 #13108]  INFO -- : first_roll
D, [2014-04-27T19:11:46.525964 #13108] DEBUG -- : nil
I, [2014-04-27T19:11:47.418456 #13108]  INFO -- : roll_points
D, [2014-04-27T19:11:47.418601 #13108] DEBUG -- : 0
I, [2014-04-27T19:11:47.418669 #13108]  INFO -- : round_points
D, [2014-04-27T19:11:47.418719 #13108] DEBUG -- : 100
I, [2014-04-27T19:11:47.418765 #13108]  INFO -- : first_roll
D, [2014-04-27T19:11:47.418810 #13108] DEBUG -- : nil
I, [2014-04-27T19:11:52.375425 #13108]  INFO -- : roll_points
D, [2014-04-27T19:11:52.375619 #13108] DEBUG -- : 0
I, [2014-04-27T19:11:52.375757 #13108]  INFO -- : round_points
D, [2014-04-27T19:11:52.375909 #13108] DEBUG -- : 100
I, [2014-04-27T19:11:52.376048 #13108]  INFO -- : first_roll
D, [2014-04-27T19:11:52.376165 #13108] DEBUG -- : nil
I, [2014-04-27T19:11:53.349916 #13108]  INFO -- : roll_points
D, [2014-04-27T19:11:53.350215 #13108] DEBUG -- : 50
I, [2014-04-27T19:11:53.350303 #13108]  INFO -- : round_points
D, [2014-04-27T19:11:53.350382 #13108] DEBUG -- : 100
I, [2014-04-27T19:11:53.350446 #13108]  INFO -- : first_roll
D, [2014-04-27T19:11:53.350512 #13108] DEBUG -- : nil
I, [2014-04-27T19:11:53.541785 #13108]  INFO -- : roll_points
D, [2014-04-27T19:11:53.541967 #13108] DEBUG -- : 0
I, [2014-04-27T19:11:53.542064 #13108]  INFO -- : round_points
D, [2014-04-27T19:11:53.542147 #13108] DEBUG -- : 150
I, [2014-04-27T19:11:53.542246 #13108]  INFO -- : first_roll
D, [2014-04-27T19:11:53.542327 #13108] DEBUG -- : nil
I, [2014-04-27T19:11:54.315093 #13108]  INFO -- : roll_points
D, [2014-04-27T19:11:54.315492 #13108] DEBUG -- : 0
I, [2014-04-27T19:11:54.315595 #13108]  INFO -- : round_points
D, [2014-04-27T19:11:54.315684 #13108] DEBUG -- : 150
I, [2014-04-27T19:11:54.315777 #13108]  INFO -- : first_roll
D, [2014-04-27T19:11:54.315858 #13108] DEBUG -- : nil
I, [2014-04-27T19:11:56.653301 #13108]  INFO -- : roll_points
D, [2014-04-27T19:11:56.653495 #13108] DEBUG -- : 0
I, [2014-04-27T19:11:56.653594 #13108]  INFO -- : round_points
D, [2014-04-27T19:11:56.653672 #13108] DEBUG -- : 150
I, [2014-04-27T19:11:56.653739 #13108]  INFO -- : first_roll
D, [2014-04-27T19:11:56.653796 #13108] DEBUG -- : nil
I, [2014-04-27T19:11:57.878495 #13108]  INFO -- : roll_points
D, [2014-04-27T19:11:57.878803 #13108] DEBUG -- : 50
I, [2014-04-27T19:11:57.878914 #13108]  INFO -- : round_points
D, [2014-04-27T19:11:57.878991 #13108] DEBUG -- : 150
I, [2014-04-27T19:11:57.879074 #13108]  INFO -- : first_roll
D, [2014-04-27T19:11:57.879155 #13108] DEBUG -- : nil
I, [2014-04-27T19:11:58.060110 #13108]  INFO -- : roll_points
D, [2014-04-27T19:11:58.060298 #13108] DEBUG -- : 0
I, [2014-04-27T19:11:58.060404 #13108]  INFO -- : round_points
D, [2014-04-27T19:11:58.060525 #13108] DEBUG -- : 200
I, [2014-04-27T19:11:58.060604 #13108]  INFO -- : first_roll
D, [2014-04-27T19:11:58.060673 #13108] DEBUG -- : nil
I, [2014-04-27T19:11:58.209943 #13108]  INFO -- : roll_points
D, [2014-04-27T19:11:58.210074 #13108] DEBUG -- : 0
I, [2014-04-27T19:11:58.210133 #13108]  INFO -- : round_points
D, [2014-04-27T19:11:58.210181 #13108] DEBUG -- : 200
I, [2014-04-27T19:11:58.210229 #13108]  INFO -- : first_roll
D, [2014-04-27T19:11:58.210274 #13108] DEBUG -- : nil
I, [2014-04-27T19:11:59.024353 #13108]  INFO -- : roll_points
D, [2014-04-27T19:11:59.024499 #13108] DEBUG -- : 0
I, [2014-04-27T19:11:59.024556 #13108]  INFO -- : round_points
D, [2014-04-27T19:11:59.024614 #13108] DEBUG -- : 200
I, [2014-04-27T19:11:59.024661 #13108]  INFO -- : first_roll
D, [2014-04-27T19:11:59.024706 #13108] DEBUG -- : nil
I, [2014-04-27T19:12:00.444771 #13108]  INFO -- : roll_points
D, [2014-04-27T19:12:00.444948 #13108] DEBUG -- : 0
I, [2014-04-27T19:12:00.445037 #13108]  INFO -- : round_points
D, [2014-04-27T19:12:00.445110 #13108] DEBUG -- : 200
I, [2014-04-27T19:12:00.445183 #13108]  INFO -- : first_roll
D, [2014-04-27T19:12:00.445328 #13108] DEBUG -- : nil
I, [2014-04-27T19:12:01.851059 #13108]  INFO -- : roll_points
D, [2014-04-27T19:12:01.851544 #13108] DEBUG -- : 50
I, [2014-04-27T19:12:01.851720 #13108]  INFO -- : round_points
D, [2014-04-27T19:12:01.852599 #13108] DEBUG -- : 200
I, [2014-04-27T19:12:01.852703 #13108]  INFO -- : first_roll
D, [2014-04-27T19:12:01.852776 #13108] DEBUG -- : nil
I, [2014-04-27T19:12:02.013554 #13108]  INFO -- : roll_points
D, [2014-04-27T19:12:02.013734 #13108] DEBUG -- : 0
I, [2014-04-27T19:12:02.013825 #13108]  INFO -- : round_points
D, [2014-04-27T19:12:02.013903 #13108] DEBUG -- : 250
I, [2014-04-27T19:12:02.013980 #13108]  INFO -- : first_roll
D, [2014-04-27T19:12:02.014061 #13108] DEBUG -- : nil
I, [2014-04-27T19:12:02.203551 #13108]  INFO -- : roll_points
D, [2014-04-27T19:12:02.203826 #13108] DEBUG -- : 0
I, [2014-04-27T19:12:02.203893 #13108]  INFO -- : round_points
D, [2014-04-27T19:12:02.203947 #13108] DEBUG -- : 250
I, [2014-04-27T19:12:02.204005 #13108]  INFO -- : first_roll
D, [2014-04-27T19:12:02.204058 #13108] DEBUG -- : nil
I, [2014-04-27T19:12:02.953151 #13108]  INFO -- : roll_points
D, [2014-04-27T19:12:02.953405 #13108] DEBUG -- : 0
I, [2014-04-27T19:12:02.953468 #13108]  INFO -- : round_points
D, [2014-04-27T19:12:02.953517 #13108] DEBUG -- : 250
I, [2014-04-27T19:12:02.953567 #13108]  INFO -- : first_roll
D, [2014-04-27T19:12:02.953613 #13108] DEBUG -- : nil
I, [2014-04-27T19:12:05.112605 #13108]  INFO -- : roll_points
D, [2014-04-27T19:12:05.112742 #13108] DEBUG -- : 0
I, [2014-04-27T19:12:05.112828 #13108]  INFO -- : round_points
D, [2014-04-27T19:12:05.112904 #13108] DEBUG -- : 0
I, [2014-04-27T19:12:05.112972 #13108]  INFO -- : first_roll
D, [2014-04-27T19:12:05.113038 #13108] DEBUG -- : true
I, [2014-04-27T19:12:07.358611 #13108]  INFO -- : roll_points
D, [2014-04-27T19:12:07.358978 #13108] DEBUG -- : 0
I, [2014-04-27T19:12:07.359108 #13108]  INFO -- : round_points
D, [2014-04-27T19:12:07.359217 #13108] DEBUG -- : 0
I, [2014-04-27T19:12:07.359317 #13108]  INFO -- : first_roll
D, [2014-04-27T19:12:07.359415 #13108] DEBUG -- : nil
I, [2014-04-27T19:12:08.436398 #13108]  INFO -- : roll_points
D, [2014-04-27T19:12:08.436625 #13108] DEBUG -- : 0
I, [2014-04-27T19:12:08.436789 #13108]  INFO -- : round_points
D, [2014-04-27T19:12:08.436935 #13108] DEBUG -- : 0
I, [2014-04-27T19:12:08.437077 #13108]  INFO -- : first_roll
D, [2014-04-27T19:12:08.437199 #13108] DEBUG -- : nil
I, [2014-04-27T19:12:09.803247 #13108]  INFO -- : roll_points
D, [2014-04-27T19:12:09.803468 #13108] DEBUG -- : 0
I, [2014-04-27T19:12:09.803584 #13108]  INFO -- : round_points
D, [2014-04-27T19:12:09.803673 #13108] DEBUG -- : 0
I, [2014-04-27T19:12:09.803759 #13108]  INFO -- : first_roll
D, [2014-04-27T19:12:09.803847 #13108] DEBUG -- : nil
I, [2014-04-27T19:12:11.022697 #13108]  INFO -- : roll_points
D, [2014-04-27T19:12:11.022882 #13108] DEBUG -- : 300
I, [2014-04-27T19:12:11.023421 #13108]  INFO -- : round_points
D, [2014-04-27T19:12:11.023536 #13108] DEBUG -- : 0
I, [2014-04-27T19:12:11.023618 #13108]  INFO -- : first_roll
D, [2014-04-27T19:12:11.023682 #13108] DEBUG -- : nil
I, [2014-04-27T19:12:14.241039 #13108]  INFO -- : roll_points
D, [2014-04-27T19:12:14.241169 #13108] DEBUG -- : 300
I, [2014-04-27T19:12:14.241228 #13108]  INFO -- : round_points
D, [2014-04-27T19:12:14.241277 #13108] DEBUG -- : 0
I, [2014-04-27T19:12:14.241324 #13108]  INFO -- : first_roll
D, [2014-04-27T19:12:14.241368 #13108] DEBUG -- : nil
I, [2014-04-27T19:12:15.019895 #13108]  INFO -- : roll_points
D, [2014-04-27T19:12:15.020045 #13108] DEBUG -- : 300
I, [2014-04-27T19:12:15.020106 #13108]  INFO -- : round_points
D, [2014-04-27T19:12:15.020156 #13108] DEBUG -- : 0
I, [2014-04-27T19:12:15.020204 #13108]  INFO -- : first_roll
D, [2014-04-27T19:12:15.020267 #13108] DEBUG -- : nil
I, [2014-04-27T19:12:15.424863 #13108]  INFO -- : roll_points
D, [2014-04-27T19:12:15.425164 #13108] DEBUG -- : 300
I, [2014-04-27T19:12:15.425242 #13108]  INFO -- : round_points
D, [2014-04-27T19:12:15.425291 #13108] DEBUG -- : 0
I, [2014-04-27T19:12:15.425337 #13108]  INFO -- : first_roll
D, [2014-04-27T19:12:15.425383 #13108] DEBUG -- : nil
I, [2014-04-27T19:12:15.611942 #13108]  INFO -- : roll_points
D, [2014-04-27T19:12:15.612103 #13108] DEBUG -- : 300
I, [2014-04-27T19:12:15.612179 #13108]  INFO -- : round_points
D, [2014-04-27T19:12:15.612233 #13108] DEBUG -- : 0
I, [2014-04-27T19:12:15.612279 #13108]  INFO -- : first_roll
D, [2014-04-27T19:12:15.612327 #13108] DEBUG -- : nil
I, [2014-04-27T19:12:15.791177 #13108]  INFO -- : roll_points
D, [2014-04-27T19:12:15.791317 #13108] DEBUG -- : 300
I, [2014-04-27T19:12:15.791378 #13108]  INFO -- : round_points
D, [2014-04-27T19:12:15.791426 #13108] DEBUG -- : 0
I, [2014-04-27T19:12:15.791471 #13108]  INFO -- : first_roll
D, [2014-04-27T19:12:15.791521 #13108] DEBUG -- : nil
I, [2014-04-27T19:12:15.964317 #13108]  INFO -- : roll_points
D, [2014-04-27T19:12:15.964498 #13108] DEBUG -- : 300
I, [2014-04-27T19:12:15.964583 #13108]  INFO -- : round_points
D, [2014-04-27T19:12:15.964633 #13108] DEBUG -- : 0
I, [2014-04-27T19:12:15.964679 #13108]  INFO -- : first_roll
D, [2014-04-27T19:12:15.964724 #13108] DEBUG -- : nil
I, [2014-04-27T19:12:16.141662 #13108]  INFO -- : roll_points
D, [2014-04-27T19:12:16.141829 #13108] DEBUG -- : 300
I, [2014-04-27T19:12:16.141926 #13108]  INFO -- : round_points
D, [2014-04-27T19:12:16.142013 #13108] DEBUG -- : 0
I, [2014-04-27T19:12:16.142100 #13108]  INFO -- : first_roll
D, [2014-04-27T19:12:16.142185 #13108] DEBUG -- : nil
I, [2014-04-27T19:12:16.309664 #13108]  INFO -- : roll_points
D, [2014-04-27T19:12:16.309841 #13108] DEBUG -- : 300
I, [2014-04-27T19:12:16.309921 #13108]  INFO -- : round_points
D, [2014-04-27T19:12:16.309980 #13108] DEBUG -- : 0
I, [2014-04-27T19:12:16.310029 #13108]  INFO -- : first_roll
D, [2014-04-27T19:12:16.310091 #13108] DEBUG -- : nil
I, [2014-04-27T19:12:16.504864 #13108]  INFO -- : roll_points
D, [2014-04-27T19:12:16.505119 #13108] DEBUG -- : 300
I, [2014-04-27T19:12:16.505187 #13108]  INFO -- : round_points
D, [2014-04-27T19:12:16.505237 #13108] DEBUG -- : 0
I, [2014-04-27T19:12:16.505283 #13108]  INFO -- : first_roll
D, [2014-04-27T19:12:16.505328 #13108] DEBUG -- : nil
I, [2014-04-27T19:12:16.685843 #13108]  INFO -- : roll_points
D, [2014-04-27T19:12:16.686161 #13108] DEBUG -- : 300
I, [2014-04-27T19:12:16.686265 #13108]  INFO -- : round_points
D, [2014-04-27T19:12:16.686347 #13108] DEBUG -- : 0
I, [2014-04-27T19:12:16.686444 #13108]  INFO -- : first_roll
D, [2014-04-27T19:12:16.686507 #13108] DEBUG -- : nil
I, [2014-04-27T19:12:16.852828 #13108]  INFO -- : roll_points
D, [2014-04-27T19:12:16.853222 #13108] DEBUG -- : 300
I, [2014-04-27T19:12:16.853326 #13108]  INFO -- : round_points
D, [2014-04-27T19:12:16.853415 #13108] DEBUG -- : 0
I, [2014-04-27T19:12:16.853502 #13108]  INFO -- : first_roll
D, [2014-04-27T19:12:16.853589 #13108] DEBUG -- : nil
I, [2014-04-27T19:12:17.038272 #13108]  INFO -- : roll_points
D, [2014-04-27T19:12:17.038421 #13108] DEBUG -- : 300
I, [2014-04-27T19:12:17.038480 #13108]  INFO -- : round_points
D, [2014-04-27T19:12:17.038529 #13108] DEBUG -- : 0
I, [2014-04-27T19:12:17.038575 #13108]  INFO -- : first_roll
D, [2014-04-27T19:12:17.038620 #13108] DEBUG -- : nil
I, [2014-04-27T19:12:17.203042 #13108]  INFO -- : roll_points
D, [2014-04-27T19:12:17.203394 #13108] DEBUG -- : 300
I, [2014-04-27T19:12:17.203500 #13108]  INFO -- : round_points
D, [2014-04-27T19:12:17.203574 #13108] DEBUG -- : 0
I, [2014-04-27T19:12:17.203635 #13108]  INFO -- : first_roll
D, [2014-04-27T19:12:17.203687 #13108] DEBUG -- : nil
I, [2014-04-27T19:12:17.386122 #13108]  INFO -- : roll_points
D, [2014-04-27T19:12:17.386428 #13108] DEBUG -- : 300
I, [2014-04-27T19:12:17.386557 #13108]  INFO -- : round_points
D, [2014-04-27T19:12:17.386640 #13108] DEBUG -- : 0
I, [2014-04-27T19:12:17.386707 #13108]  INFO -- : first_roll
D, [2014-04-27T19:12:17.386756 #13108] DEBUG -- : nil
I, [2014-04-27T19:12:17.569514 #13108]  INFO -- : roll_points
D, [2014-04-27T19:12:17.569802 #13108] DEBUG -- : 300
I, [2014-04-27T19:12:17.569902 #13108]  INFO -- : round_points
D, [2014-04-27T19:12:17.569982 #13108] DEBUG -- : 0
I, [2014-04-27T19:12:17.570049 #13108]  INFO -- : first_roll
D, [2014-04-27T19:12:17.570095 #13108] DEBUG -- : nil
I, [2014-04-27T19:12:17.741000 #13108]  INFO -- : roll_points
D, [2014-04-27T19:12:17.741144 #13108] DEBUG -- : 300
I, [2014-04-27T19:12:17.741206 #13108]  INFO -- : round_points
D, [2014-04-27T19:12:17.741255 #13108] DEBUG -- : 0
I, [2014-04-27T19:12:17.741302 #13108]  INFO -- : first_roll
D, [2014-04-27T19:12:17.741347 #13108] DEBUG -- : nil
I, [2014-04-27T19:12:17.942008 #13108]  INFO -- : roll_points
D, [2014-04-27T19:12:17.942192 #13108] DEBUG -- : 300
I, [2014-04-27T19:12:17.942282 #13108]  INFO -- : round_points
D, [2014-04-27T19:12:17.942334 #13108] DEBUG -- : 0
I, [2014-04-27T19:12:17.942382 #13108]  INFO -- : first_roll
D, [2014-04-27T19:12:17.942427 #13108] DEBUG -- : nil
I, [2014-04-27T19:12:18.545533 #13108]  INFO -- : roll_points
D, [2014-04-27T19:12:18.545685 #13108] DEBUG -- : 300
I, [2014-04-27T19:12:18.545743 #13108]  INFO -- : round_points
D, [2014-04-27T19:12:18.545792 #13108] DEBUG -- : 0
I, [2014-04-27T19:12:18.545839 #13108]  INFO -- : first_roll
D, [2014-04-27T19:12:18.545884 #13108] DEBUG -- : nil
I, [2014-04-27T19:12:20.305230 #13108]  INFO -- : roll_points
D, [2014-04-27T19:12:20.305674 #13108] DEBUG -- : 0
I, [2014-04-27T19:12:20.305861 #13108]  INFO -- : round_points
D, [2014-04-27T19:12:20.305951 #13108] DEBUG -- : 0
I, [2014-04-27T19:12:20.306038 #13108]  INFO -- : first_roll
D, [2014-04-27T19:12:20.306125 #13108] DEBUG -- : true
I, [2014-04-27T19:12:24.995816 #13108]  INFO -- : roll_points
D, [2014-04-27T19:12:24.996107 #13108] DEBUG -- : 0
I, [2014-04-27T19:12:24.996215 #13108]  INFO -- : round_points
D, [2014-04-27T19:12:24.996317 #13108] DEBUG -- : 0
I, [2014-04-27T19:12:24.996523 #13108]  INFO -- : first_roll
D, [2014-04-27T19:12:24.996702 #13108] DEBUG -- : nil
I, [2014-04-27T19:12:25.594293 #13108]  INFO -- : roll_points
D, [2014-04-27T19:12:25.594769 #13108] DEBUG -- : 0
I, [2014-04-27T19:12:25.595009 #13108]  INFO -- : round_points
D, [2014-04-27T19:12:25.595228 #13108] DEBUG -- : 0
I, [2014-04-27T19:12:25.595281 #13108]  INFO -- : first_roll
D, [2014-04-27T19:12:25.595360 #13108] DEBUG -- : nil
I, [2014-04-27T19:12:26.116795 #13108]  INFO -- : roll_points
D, [2014-04-27T19:12:26.117394 #13108] DEBUG -- : 0
I, [2014-04-27T19:12:26.117518 #13108]  INFO -- : round_points
D, [2014-04-27T19:12:26.117658 #13108] DEBUG -- : 0
I, [2014-04-27T19:12:26.117754 #13108]  INFO -- : first_roll
D, [2014-04-27T19:12:26.117908 #13108] DEBUG -- : nil
I, [2014-04-27T19:12:27.319888 #13108]  INFO -- : roll_points
D, [2014-04-27T19:12:27.320123 #13108] DEBUG -- : 600
I, [2014-04-27T19:12:27.320238 #13108]  INFO -- : round_points
D, [2014-04-27T19:12:27.320386 #13108] DEBUG -- : 0
I, [2014-04-27T19:12:27.320503 #13108]  INFO -- : first_roll
D, [2014-04-27T19:12:27.320584 #13108] DEBUG -- : nil
I, [2014-04-27T19:22:35.923187 #13127]  INFO -- : roll_points
D, [2014-04-27T19:22:35.923560 #13127] DEBUG -- : 0
I, [2014-04-27T19:22:35.923665 #13127]  INFO -- : round_points
D, [2014-04-27T19:22:35.923769 #13127] DEBUG -- : 0
I, [2014-04-27T19:22:35.923855 #13127]  INFO -- : first_roll
D, [2014-04-27T19:22:35.923935 #13127] DEBUG -- : true
I, [2014-04-27T19:22:38.857806 #13127]  INFO -- : roll_points
D, [2014-04-27T19:22:38.857926 #13127] DEBUG -- : 0
I, [2014-04-27T19:22:38.857973 #13127]  INFO -- : round_points
D, [2014-04-27T19:22:38.858036 #13127] DEBUG -- : 0
I, [2014-04-27T19:22:38.858102 #13127]  INFO -- : first_roll
D, [2014-04-27T19:22:38.858166 #13127] DEBUG -- : nil
I, [2014-04-27T19:22:40.087828 #13127]  INFO -- : roll_points
D, [2014-04-27T19:22:40.088084 #13127] DEBUG -- : 100
I, [2014-04-27T19:22:40.088184 #13127]  INFO -- : round_points
D, [2014-04-27T19:22:40.088239 #13127] DEBUG -- : 0
I, [2014-04-27T19:22:40.088290 #13127]  INFO -- : first_roll
D, [2014-04-27T19:22:40.088335 #13127] DEBUG -- : nil
I, [2014-04-27T19:22:40.323923 #13127]  INFO -- : roll_points
D, [2014-04-27T19:22:40.324226 #13127] DEBUG -- : 100
I, [2014-04-27T19:22:40.324316 #13127]  INFO -- : round_points
D, [2014-04-27T19:22:40.324383 #13127] DEBUG -- : 0
I, [2014-04-27T19:22:40.324447 #13127]  INFO -- : first_roll
D, [2014-04-27T19:22:40.324511 #13127] DEBUG -- : nil
I, [2014-04-27T19:22:41.676214 #13127]  INFO -- : roll_points
D, [2014-04-27T19:22:41.676380 #13127] DEBUG -- : 100
I, [2014-04-27T19:22:41.676472 #13127]  INFO -- : round_points
D, [2014-04-27T19:22:41.676522 #13127] DEBUG -- : 0
I, [2014-04-27T19:22:41.676568 #13127]  INFO -- : first_roll
D, [2014-04-27T19:22:41.676613 #13127] DEBUG -- : nil
I, [2014-04-27T19:22:43.290936 #13127]  INFO -- : roll_points
D, [2014-04-27T19:22:43.291136 #13127] DEBUG -- : 0
I, [2014-04-27T19:22:43.291237 #13127]  INFO -- : round_points
D, [2014-04-27T19:22:43.291317 #13127] DEBUG -- : 100
I, [2014-04-27T19:22:43.291388 #13127]  INFO -- : first_roll
D, [2014-04-27T19:22:43.291455 #13127] DEBUG -- : nil
I, [2014-04-27T19:22:44.063035 #13127]  INFO -- : roll_points
D, [2014-04-27T19:22:44.063206 #13127] DEBUG -- : 50
I, [2014-04-27T19:22:44.063291 #13127]  INFO -- : round_points
D, [2014-04-27T19:22:44.063361 #13127] DEBUG -- : 100
I, [2014-04-27T19:22:44.063428 #13127]  INFO -- : first_roll
D, [2014-04-27T19:22:44.063492 #13127] DEBUG -- : nil
I, [2014-04-27T19:22:44.297110 #13127]  INFO -- : roll_points
D, [2014-04-27T19:22:44.297258 #13127] DEBUG -- : 50
I, [2014-04-27T19:22:44.297314 #13127]  INFO -- : round_points
D, [2014-04-27T19:22:44.297368 #13127] DEBUG -- : 100
I, [2014-04-27T19:22:44.297422 #13127]  INFO -- : first_roll
D, [2014-04-27T19:22:44.297466 #13127] DEBUG -- : nil
I, [2014-04-27T19:22:45.087151 #13127]  INFO -- : roll_points
D, [2014-04-27T19:22:45.087452 #13127] DEBUG -- : 50
I, [2014-04-27T19:22:45.087547 #13127]  INFO -- : round_points
D, [2014-04-27T19:22:45.087619 #13127] DEBUG -- : 100
I, [2014-04-27T19:22:45.087680 #13127]  INFO -- : first_roll
D, [2014-04-27T19:22:45.087841 #13127] DEBUG -- : nil
I, [2014-04-27T19:22:47.094983 #13127]  INFO -- : roll_points
D, [2014-04-27T19:22:47.095168 #13127] DEBUG -- : 0
I, [2014-04-27T19:22:47.095318 #13127]  INFO -- : round_points
D, [2014-04-27T19:22:47.095418 #13127] DEBUG -- : 150
I, [2014-04-27T19:22:47.095492 #13127]  INFO -- : first_roll
D, [2014-04-27T19:22:47.095561 #13127] DEBUG -- : nil
I, [2014-04-27T19:22:48.819733 #13127]  INFO -- : roll_points
D, [2014-04-27T19:22:48.819857 #13127] DEBUG -- : 100
I, [2014-04-27T19:22:48.819911 #13127]  INFO -- : round_points
D, [2014-04-27T19:22:48.819955 #13127] DEBUG -- : 150
I, [2014-04-27T19:22:48.819998 #13127]  INFO -- : first_roll
D, [2014-04-27T19:22:48.820039 #13127] DEBUG -- : nil
I, [2014-04-27T19:22:49.963557 #13127]  INFO -- : roll_points
D, [2014-04-27T19:22:49.963848 #13127] DEBUG -- : 100
I, [2014-04-27T19:22:49.963939 #13127]  INFO -- : round_points
D, [2014-04-27T19:22:49.964008 #13127] DEBUG -- : 150
I, [2014-04-27T19:22:49.964073 #13127]  INFO -- : first_roll
D, [2014-04-27T19:22:49.964141 #13127] DEBUG -- : nil
I, [2014-04-27T19:22:53.315389 #13127]  INFO -- : roll_points
D, [2014-04-27T19:22:53.315554 #13127] DEBUG -- : 0
I, [2014-04-27T19:22:53.315643 #13127]  INFO -- : round_points
D, [2014-04-27T19:22:53.315723 #13127] DEBUG -- : 0
I, [2014-04-27T19:22:53.315802 #13127]  INFO -- : first_roll
D, [2014-04-27T19:22:53.315882 #13127] DEBUG -- : true
I, [2014-04-27T19:22:57.080350 #13127]  INFO -- : roll_points
D, [2014-04-27T19:22:57.080519 #13127] DEBUG -- : 0
I, [2014-04-27T19:22:57.080577 #13127]  INFO -- : round_points
D, [2014-04-27T19:22:57.080621 #13127] DEBUG -- : 0
I, [2014-04-27T19:22:57.080665 #13127]  INFO -- : first_roll
D, [2014-04-27T19:22:57.080705 #13127] DEBUG -- : nil
I, [2014-04-27T19:22:57.675254 #13127]  INFO -- : roll_points
D, [2014-04-27T19:22:57.675486 #13127] DEBUG -- : 100
I, [2014-04-27T19:22:57.675601 #13127]  INFO -- : round_points
D, [2014-04-27T19:22:57.675690 #13127] DEBUG -- : 0
I, [2014-04-27T19:22:57.675813 #13127]  INFO -- : first_roll
D, [2014-04-27T19:22:57.675948 #13127] DEBUG -- : nil
I, [2014-04-27T19:22:58.633481 #13127]  INFO -- : roll_points
D, [2014-04-27T19:22:58.633702 #13127] DEBUG -- : 200
I, [2014-04-27T19:22:58.633813 #13127]  INFO -- : round_points
D, [2014-04-27T19:22:58.633901 #13127] DEBUG -- : 0
I, [2014-04-27T19:22:58.634074 #13127]  INFO -- : first_roll
D, [2014-04-27T19:22:58.635101 #13127] DEBUG -- : nil
I, [2014-04-27T19:22:59.582560 #13127]  INFO -- : roll_points
D, [2014-04-27T19:22:59.582847 #13127] DEBUG -- : 200
I, [2014-04-27T19:22:59.583015 #13127]  INFO -- : round_points
D, [2014-04-27T19:22:59.583169 #13127] DEBUG -- : 0
I, [2014-04-27T19:22:59.583303 #13127]  INFO -- : first_roll
D, [2014-04-27T19:22:59.583448 #13127] DEBUG -- : nil
I, [2014-04-27T19:23:04.108964 #13127]  INFO -- : roll_points
D, [2014-04-27T19:23:04.109097 #13127] DEBUG -- : 0
I, [2014-04-27T19:23:04.109160 #13127]  INFO -- : round_points
D, [2014-04-27T19:23:04.109208 #13127] DEBUG -- : 0
I, [2014-04-27T19:23:04.109253 #13127]  INFO -- : first_roll
D, [2014-04-27T19:23:04.109297 #13127] DEBUG -- : true
I, [2014-04-27T19:23:05.306340 #13127]  INFO -- : roll_points
D, [2014-04-27T19:23:05.306544 #13127] DEBUG -- : 0
I, [2014-04-27T19:23:05.306691 #13127]  INFO -- : round_points
D, [2014-04-27T19:23:05.306950 #13127] DEBUG -- : 0
I, [2014-04-27T19:23:05.307056 #13127]  INFO -- : first_roll
D, [2014-04-27T19:23:05.307157 #13127] DEBUG -- : nil
I, [2014-04-27T19:23:05.848698 #13127]  INFO -- : roll_points
D, [2014-04-27T19:23:05.849168 #13127] DEBUG -- : 0
I, [2014-04-27T19:23:05.849359 #13127]  INFO -- : round_points
D, [2014-04-27T19:23:05.849467 #13127] DEBUG -- : 0
I, [2014-04-27T19:23:05.849564 #13127]  INFO -- : first_roll
D, [2014-04-27T19:23:05.849715 #13127] DEBUG -- : nil
I, [2014-04-27T19:23:06.615804 #13127]  INFO -- : roll_points
D, [2014-04-27T19:23:06.616010 #13127] DEBUG -- : 0
I, [2014-04-27T19:23:06.616101 #13127]  INFO -- : round_points
D, [2014-04-27T19:23:06.616170 #13127] DEBUG -- : 0
I, [2014-04-27T19:23:06.616230 #13127]  INFO -- : first_roll
D, [2014-04-27T19:23:06.616289 #13127] DEBUG -- : nil
I, [2014-04-27T19:23:11.612417 #13127]  INFO -- : roll_points
D, [2014-04-27T19:23:11.612594 #13127] DEBUG -- : 300
I, [2014-04-27T19:23:11.612694 #13127]  INFO -- : round_points
D, [2014-04-27T19:23:11.612750 #13127] DEBUG -- : 0
I, [2014-04-27T19:23:11.612796 #13127]  INFO -- : first_roll
D, [2014-04-27T19:23:11.612847 #13127] DEBUG -- : nil
I, [2014-04-27T19:23:14.439544 #13127]  INFO -- : roll_points
D, [2014-04-27T19:23:14.439673 #13127] DEBUG -- : 300
I, [2014-04-27T19:23:14.439731 #13127]  INFO -- : round_points
D, [2014-04-27T19:23:14.439778 #13127] DEBUG -- : 0
I, [2014-04-27T19:23:14.439823 #13127]  INFO -- : first_roll
D, [2014-04-27T19:23:14.439867 #13127] DEBUG -- : nil
I, [2014-04-27T19:23:16.619759 #13127]  INFO -- : roll_points
D, [2014-04-27T19:23:16.619938 #13127] DEBUG -- : 300
I, [2014-04-27T19:23:16.620020 #13127]  INFO -- : round_points
D, [2014-04-27T19:23:16.620101 #13127] DEBUG -- : 0
I, [2014-04-27T19:23:16.620171 #13127]  INFO -- : first_roll
D, [2014-04-27T19:23:16.620236 #13127] DEBUG -- : nil
I, [2014-04-27T19:25:22.441137 #13131]  INFO -- : roll_points
D, [2014-04-27T19:25:22.441523 #13131] DEBUG -- : 0
I, [2014-04-27T19:25:22.441704 #13131]  INFO -- : round_points
D, [2014-04-27T19:25:22.441861 #13131] DEBUG -- : 0
I, [2014-04-27T19:25:22.442001 #13131]  INFO -- : first_roll
D, [2014-04-27T19:25:22.442148 #13131] DEBUG -- : true
I, [2014-04-27T19:25:23.506971 #13131]  INFO -- : roll_points
D, [2014-04-27T19:25:23.507590 #13131] DEBUG -- : 0
I, [2014-04-27T19:25:23.507812 #13131]  INFO -- : round_points
D, [2014-04-27T19:25:23.507957 #13131] DEBUG -- : 0
I, [2014-04-27T19:25:23.508095 #13131]  INFO -- : first_roll
D, [2014-04-27T19:25:23.508243 #13131] DEBUG -- : nil
I, [2014-04-27T19:25:24.098097 #13131]  INFO -- : roll_points
D, [2014-04-27T19:25:24.098949 #13131] DEBUG -- : 0
I, [2014-04-27T19:25:24.099259 #13131]  INFO -- : round_points
D, [2014-04-27T19:25:24.099531 #13131] DEBUG -- : 0
I, [2014-04-27T19:25:24.099804 #13131]  INFO -- : first_roll
D, [2014-04-27T19:25:24.100063 #13131] DEBUG -- : nil
I, [2014-04-27T19:25:25.784978 #13131]  INFO -- : roll_points
D, [2014-04-27T19:25:25.785286 #13131] DEBUG -- : 0
I, [2014-04-27T19:25:25.785525 #13131]  INFO -- : round_points
D, [2014-04-27T19:25:25.785746 #13131] DEBUG -- : 0
I, [2014-04-27T19:25:25.786153 #13131]  INFO -- : first_roll
D, [2014-04-27T19:25:25.786501 #13131] DEBUG -- : nil
I, [2014-04-27T19:25:26.631307 #13131]  INFO -- : roll_points
D, [2014-04-27T19:25:26.631741 #13131] DEBUG -- : 100
I, [2014-04-27T19:25:26.631998 #13131]  INFO -- : round_points
D, [2014-04-27T19:25:26.632222 #13131] DEBUG -- : 0
I, [2014-04-27T19:25:26.632473 #13131]  INFO -- : first_roll
D, [2014-04-27T19:25:26.632709 #13131] DEBUG -- : nil
I, [2014-04-27T19:25:27.025991 #13131]  INFO -- : roll_points
D, [2014-04-27T19:25:27.026584 #13131] DEBUG -- : 100
I, [2014-04-27T19:25:27.026819 #13131]  INFO -- : round_points
D, [2014-04-27T19:25:27.026999 #13131] DEBUG -- : 0
I, [2014-04-27T19:25:27.027155 #13131]  INFO -- : first_roll
D, [2014-04-27T19:25:27.027305 #13131] DEBUG -- : nil
I, [2014-04-27T19:25:27.799694 #13131]  INFO -- : roll_points
D, [2014-04-27T19:25:27.800311 #13131] DEBUG -- : 100
I, [2014-04-27T19:25:27.800554 #13131]  INFO -- : round_points
D, [2014-04-27T19:25:27.800737 #13131] DEBUG -- : 0
I, [2014-04-27T19:25:27.800885 #13131]  INFO -- : first_roll
D, [2014-04-27T19:25:27.801051 #13131] DEBUG -- : nil
I, [2014-04-27T19:25:30.744026 #13131]  INFO -- : roll_points
D, [2014-04-27T19:25:30.744369 #13131] DEBUG -- : 0
I, [2014-04-27T19:25:30.744539 #13131]  INFO -- : round_points
D, [2014-04-27T19:25:30.744684 #13131] DEBUG -- : 100
I, [2014-04-27T19:25:30.745454 #13131]  INFO -- : first_roll
D, [2014-04-27T19:25:30.745744 #13131] DEBUG -- : nil
I, [2014-04-27T19:25:32.603325 #13131]  INFO -- : roll_points
D, [2014-04-27T19:25:32.603768 #13131] DEBUG -- : 50
I, [2014-04-27T19:25:32.604005 #13131]  INFO -- : round_points
D, [2014-04-27T19:25:32.604543 #13131] DEBUG -- : 100
I, [2014-04-27T19:25:32.605464 #13131]  INFO -- : first_roll
D, [2014-04-27T19:25:32.606361 #13131] DEBUG -- : nil
I, [2014-04-27T19:25:35.366586 #13131]  INFO -- : roll_points
D, [2014-04-27T19:25:35.366972 #13131] DEBUG -- : 100
I, [2014-04-27T19:25:35.367208 #13131]  INFO -- : round_points
D, [2014-04-27T19:25:35.367409 #13131] DEBUG -- : 100
I, [2014-04-27T19:25:35.367609 #13131]  INFO -- : first_roll
D, [2014-04-27T19:25:35.367786 #13131] DEBUG -- : nil
I, [2014-04-27T19:25:39.254018 #13131]  INFO -- : roll_points
D, [2014-04-27T19:25:39.254442 #13131] DEBUG -- : 200
I, [2014-04-27T19:25:39.254716 #13131]  INFO -- : round_points
D, [2014-04-27T19:25:39.254961 #13131] DEBUG -- : 100
I, [2014-04-27T19:25:39.255188 #13131]  INFO -- : first_roll
D, [2014-04-27T19:25:39.255399 #13131] DEBUG -- : nil
I, [2014-04-27T19:25:42.178267 #13131]  INFO -- : roll_points
D, [2014-04-27T19:25:42.178882 #13131] DEBUG -- : 0
I, [2014-04-27T19:25:42.179189 #13131]  INFO -- : round_points
D, [2014-04-27T19:25:42.179473 #13131] DEBUG -- : 0
I, [2014-04-27T19:25:42.179745 #13131]  INFO -- : first_roll
D, [2014-04-27T19:25:42.179966 #13131] DEBUG -- : true
I, [2014-04-29T19:00:35.853924 #13742]  INFO -- : roll_points
D, [2014-04-29T19:00:35.855114 #13742] DEBUG -- : 0
I, [2014-04-29T19:00:35.855254 #13742]  INFO -- : round_points
D, [2014-04-29T19:00:35.855337 #13742] DEBUG -- : 0
I, [2014-04-29T19:00:35.855412 #13742]  INFO -- : first_roll
D, [2014-04-29T19:00:35.855476 #13742] DEBUG -- : true
I, [2014-04-29T19:00:43.973818 #13742]  INFO -- : roll_points
D, [2014-04-29T19:00:43.973970 #13742] DEBUG -- : 0
I, [2014-04-29T19:00:43.974041 #13742]  INFO -- : round_points
D, [2014-04-29T19:00:43.974101 #13742] DEBUG -- : 0
I, [2014-04-29T19:00:43.974160 #13742]  INFO -- : first_roll
D, [2014-04-29T19:00:43.974220 #13742] DEBUG -- : nil
I, [2014-04-29T19:00:45.409239 #13742]  INFO -- : roll_points
D, [2014-04-29T19:00:45.409493 #13742] DEBUG -- : 100
I, [2014-04-29T19:00:45.409588 #13742]  INFO -- : round_points
D, [2014-04-29T19:00:45.409656 #13742] DEBUG -- : 0
I, [2014-04-29T19:00:45.409720 #13742]  INFO -- : first_roll
D, [2014-04-29T19:00:45.409820 #13742] DEBUG -- : nil
I, [2014-04-29T19:00:46.876114 #13742]  INFO -- : roll_points
D, [2014-04-29T19:00:46.876243 #13742] DEBUG -- : 0
I, [2014-04-29T19:00:46.876302 #13742]  INFO -- : round_points
D, [2014-04-29T19:00:46.877218 #13742] DEBUG -- : 100
I, [2014-04-29T19:00:46.877365 #13742]  INFO -- : first_roll
D, [2014-04-29T19:00:46.877462 #13742] DEBUG -- : nil
I, [2014-04-29T19:00:48.187009 #13742]  INFO -- : roll_points
D, [2014-04-29T19:00:48.187339 #13742] DEBUG -- : 0
I, [2014-04-29T19:00:48.187500 #13742]  INFO -- : round_points
D, [2014-04-29T19:00:48.187621 #13742] DEBUG -- : 100
I, [2014-04-29T19:00:48.187727 #13742]  INFO -- : first_roll
D, [2014-04-29T19:00:48.187829 #13742] DEBUG -- : nil
I, [2014-04-29T19:00:50.029776 #13742]  INFO -- : roll_points
D, [2014-04-29T19:00:50.029946 #13742] DEBUG -- : 0
I, [2014-04-29T19:00:50.030029 #13742]  INFO -- : round_points
D, [2014-04-29T19:00:50.030096 #13742] DEBUG -- : 100
I, [2014-04-29T19:00:50.030160 #13742]  INFO -- : first_roll
D, [2014-04-29T19:00:50.030224 #13742] DEBUG -- : nil
I, [2014-04-29T19:00:51.181633 #13742]  INFO -- : roll_points
D, [2014-04-29T19:00:51.181926 #13742] DEBUG -- : 200
I, [2014-04-29T19:00:51.182017 #13742]  INFO -- : round_points
D, [2014-04-29T19:00:51.182084 #13742] DEBUG -- : 100
I, [2014-04-29T19:00:51.182148 #13742]  INFO -- : first_roll
D, [2014-04-29T19:00:51.182216 #13742] DEBUG -- : nil
I, [2014-04-29T19:00:53.081428 #13742]  INFO -- : roll_points
D, [2014-04-29T19:00:53.081554 #13742] DEBUG -- : 0
I, [2014-04-29T19:00:53.081620 #13742]  INFO -- : round_points
D, [2014-04-29T19:00:53.081667 #13742] DEBUG -- : 0
I, [2014-04-29T19:00:53.081711 #13742]  INFO -- : first_roll
D, [2014-04-29T19:00:53.081754 #13742] DEBUG -- : true
I, [2014-04-29T19:00:55.325004 #13742]  INFO -- : roll_points
D, [2014-04-29T19:00:55.325124 #13742] DEBUG -- : 0
I, [2014-04-29T19:00:55.325176 #13742]  INFO -- : round_points
D, [2014-04-29T19:00:55.325228 #13742] DEBUG -- : 0
I, [2014-04-29T19:00:55.325270 #13742]  INFO -- : first_roll
D, [2014-04-29T19:00:55.325309 #13742] DEBUG -- : nil
I, [2014-04-29T19:00:56.309561 #13742]  INFO -- : roll_points
D, [2014-04-29T19:00:56.309907 #13742] DEBUG -- : 100
I, [2014-04-29T19:00:56.310099 #13742]  INFO -- : round_points
D, [2014-04-29T19:00:56.310253 #13742] DEBUG -- : 0
I, [2014-04-29T19:00:56.310392 #13742]  INFO -- : first_roll
D, [2014-04-29T19:00:56.310523 #13742] DEBUG -- : nil
I, [2014-04-29T19:00:57.960473 #13742]  INFO -- : roll_points
D, [2014-04-29T19:00:57.960606 #13742] DEBUG -- : 0
I, [2014-04-29T19:00:57.960658 #13742]  INFO -- : round_points
D, [2014-04-29T19:00:57.960712 #13742] DEBUG -- : 100
I, [2014-04-29T19:00:57.960753 #13742]  INFO -- : first_roll
D, [2014-04-29T19:00:57.960793 #13742] DEBUG -- : nil
I, [2014-04-29T19:00:59.398173 #13742]  INFO -- : roll_points
D, [2014-04-29T19:00:59.398302 #13742] DEBUG -- : 0
I, [2014-04-29T19:00:59.398369 #13742]  INFO -- : round_points
D, [2014-04-29T19:00:59.398416 #13742] DEBUG -- : 100
I, [2014-04-29T19:00:59.398460 #13742]  INFO -- : first_roll
D, [2014-04-29T19:00:59.398504 #13742] DEBUG -- : nil
I, [2014-04-29T19:01:00.147719 #13742]  INFO -- : roll_points
D, [2014-04-29T19:01:00.147908 #13742] DEBUG -- : 0
I, [2014-04-29T19:01:00.148005 #13742]  INFO -- : round_points
D, [2014-04-29T19:01:00.148075 #13742] DEBUG -- : 100
I, [2014-04-29T19:01:00.148140 #13742]  INFO -- : first_roll
D, [2014-04-29T19:01:00.148210 #13742] DEBUG -- : nil
I, [2014-04-29T19:01:00.863670 #13742]  INFO -- : roll_points
D, [2014-04-29T19:01:00.863799 #13742] DEBUG -- : 600
I, [2014-04-29T19:01:00.863856 #13742]  INFO -- : round_points
D, [2014-04-29T19:01:00.863902 #13742] DEBUG -- : 100
I, [2014-04-29T19:01:00.863945 #13742]  INFO -- : first_roll
D, [2014-04-29T19:01:00.863991 #13742] DEBUG -- : nil
I, [2014-04-29T19:01:01.916346 #13742]  INFO -- : roll_points
D, [2014-04-29T19:01:01.916506 #13742] DEBUG -- : 600
I, [2014-04-29T19:01:01.916566 #13742]  INFO -- : round_points
D, [2014-04-29T19:01:01.916615 #13742] DEBUG -- : 100
I, [2014-04-29T19:01:01.916659 #13742]  INFO -- : first_roll
D, [2014-04-29T19:01:01.916702 #13742] DEBUG -- : nil
I, [2014-04-29T19:01:03.283293 #13742]  INFO -- : roll_points
D, [2014-04-29T19:01:03.283605 #13742] DEBUG -- : 650
I, [2014-04-29T19:01:03.284335 #13742]  INFO -- : round_points
D, [2014-04-29T19:01:03.284417 #13742] DEBUG -- : 100
I, [2014-04-29T19:01:03.284505 #13742]  INFO -- : first_roll
D, [2014-04-29T19:01:03.284589 #13742] DEBUG -- : nil
I, [2014-04-29T19:01:04.981830 #13742]  INFO -- : roll_points
D, [2014-04-29T19:01:04.982124 #13742] DEBUG -- : 0
I, [2014-04-29T19:01:04.982214 #13742]  INFO -- : round_points
D, [2014-04-29T19:01:04.982282 #13742] DEBUG -- : 0
I, [2014-04-29T19:01:04.982346 #13742]  INFO -- : first_roll
D, [2014-04-29T19:01:04.982408 #13742] DEBUG -- : true
I, [2014-04-29T19:01:06.934252 #13742]  INFO -- : roll_points
D, [2014-04-29T19:01:06.934378 #13742] DEBUG -- : 0
I, [2014-04-29T19:01:06.934435 #13742]  INFO -- : round_points
D, [2014-04-29T19:01:06.934480 #13742] DEBUG -- : 0
I, [2014-04-29T19:01:06.934529 #13742]  INFO -- : first_roll
D, [2014-04-29T19:01:06.934573 #13742] DEBUG -- : nil
I, [2014-04-29T19:01:07.630209 #13742]  INFO -- : roll_points
D, [2014-04-29T19:01:07.630571 #13742] DEBUG -- : 100
I, [2014-04-29T19:01:07.630734 #13742]  INFO -- : round_points
D, [2014-04-29T19:01:07.630897 #13742] DEBUG -- : 0
I, [2014-04-29T19:01:07.630981 #13742]  INFO -- : first_roll
D, [2014-04-29T19:01:07.631047 #13742] DEBUG -- : nil
I, [2014-04-29T19:01:08.734171 #13742]  INFO -- : roll_points
D, [2014-04-29T19:01:08.734625 #13742] DEBUG -- : 200
I, [2014-04-29T19:01:08.734837 #13742]  INFO -- : round_points
D, [2014-04-29T19:01:08.734926 #13742] DEBUG -- : 0
I, [2014-04-29T19:01:08.734990 #13742]  INFO -- : first_roll
D, [2014-04-29T19:01:08.735052 #13742] DEBUG -- : nil
I, [2014-04-29T19:01:12.412637 #13742]  INFO -- : roll_points
D, [2014-04-29T19:01:12.412831 #13742] DEBUG -- : 0
I, [2014-04-29T19:01:12.412931 #13742]  INFO -- : round_points
D, [2014-04-29T19:01:12.413046 #13742] DEBUG -- : 200
I, [2014-04-29T19:01:12.413111 #13742]  INFO -- : first_roll
D, [2014-04-29T19:01:12.413160 #13742] DEBUG -- : nil
I, [2014-04-29T19:01:13.225432 #13742]  INFO -- : roll_points
D, [2014-04-29T19:01:13.225558 #13742] DEBUG -- : 0
I, [2014-04-29T19:01:13.225616 #13742]  INFO -- : round_points
D, [2014-04-29T19:01:13.225673 #13742] DEBUG -- : 200
I, [2014-04-29T19:01:13.225718 #13742]  INFO -- : first_roll
D, [2014-04-29T19:01:13.225761 #13742] DEBUG -- : nil
I, [2014-04-29T19:01:14.723276 #13742]  INFO -- : roll_points
D, [2014-04-29T19:01:14.723449 #13742] DEBUG -- : 0
I, [2014-04-29T19:01:14.723531 #13742]  INFO -- : round_points
D, [2014-04-29T19:01:14.723601 #13742] DEBUG -- : 200
I, [2014-04-29T19:01:14.723669 #13742]  INFO -- : first_roll
D, [2014-04-29T19:01:14.723743 #13742] DEBUG -- : nil
I, [2014-04-29T19:01:15.790185 #13742]  INFO -- : roll_points
D, [2014-04-29T19:01:15.790462 #13742] DEBUG -- : 50
I, [2014-04-29T19:01:15.790549 #13742]  INFO -- : round_points
D, [2014-04-29T19:01:15.790615 #13742] DEBUG -- : 200
I, [2014-04-29T19:01:15.790684 #13742]  INFO -- : first_roll
D, [2014-04-29T19:01:15.790752 #13742] DEBUG -- : nil
I, [2014-04-29T19:01:18.458586 #13742]  INFO -- : roll_points
D, [2014-04-29T19:01:18.458717 #13742] DEBUG -- : 0
I, [2014-04-29T19:01:18.458769 #13742]  INFO -- : round_points
D, [2014-04-29T19:01:18.458812 #13742] DEBUG -- : 250
I, [2014-04-29T19:01:18.458857 #13742]  INFO -- : first_roll
D, [2014-04-29T19:01:18.458897 #13742] DEBUG -- : nil
I, [2014-04-29T19:01:20.217216 #13742]  INFO -- : roll_points
D, [2014-04-29T19:01:20.217350 #13742] DEBUG -- : 100
I, [2014-04-29T19:01:20.217409 #13742]  INFO -- : round_points
D, [2014-04-29T19:01:20.217456 #13742] DEBUG -- : 250
I, [2014-04-29T19:01:20.217500 #13742]  INFO -- : first_roll
D, [2014-04-29T19:01:20.217544 #13742] DEBUG -- : nil
I, [2014-04-29T19:01:21.436112 #13742]  INFO -- : roll_points
D, [2014-04-29T19:01:21.436449 #13742] DEBUG -- : 150
I, [2014-04-29T19:01:21.436564 #13742]  INFO -- : round_points
D, [2014-04-29T19:01:21.436707 #13742] DEBUG -- : 250
I, [2014-04-29T19:01:21.436849 #13742]  INFO -- : first_roll
D, [2014-04-29T19:01:21.436987 #13742] DEBUG -- : nil
I, [2014-04-29T19:01:23.453413 #13742]  INFO -- : roll_points
D, [2014-04-29T19:01:23.453823 #13742] DEBUG -- : 0
I, [2014-04-29T19:01:23.453915 #13742]  INFO -- : round_points
D, [2014-04-29T19:01:23.453978 #13742] DEBUG -- : 0
I, [2014-04-29T19:01:23.454034 #13742]  INFO -- : first_roll
D, [2014-04-29T19:01:23.454093 #13742] DEBUG -- : true
I, [2014-04-29T19:01:24.780532 #13742]  INFO -- : roll_points
D, [2014-04-29T19:01:24.780750 #13742] DEBUG -- : 0
I, [2014-04-29T19:01:24.780850 #13742]  INFO -- : round_points
D, [2014-04-29T19:01:24.780919 #13742] DEBUG -- : 0
I, [2014-04-29T19:01:24.780971 #13742]  INFO -- : first_roll
D, [2014-04-29T19:01:24.781043 #13742] DEBUG -- : nil
I, [2014-04-29T19:01:27.003315 #13742]  INFO -- : roll_points
D, [2014-04-29T19:01:27.003451 #13742] DEBUG -- : 100
I, [2014-04-29T19:01:27.003509 #13742]  INFO -- : round_points
D, [2014-04-29T19:01:27.003555 #13742] DEBUG -- : 0
I, [2014-04-29T19:01:27.003599 #13742]  INFO -- : first_roll
D, [2014-04-29T19:01:27.003646 #13742] DEBUG -- : nil
I, [2014-04-29T19:01:27.899836 #13742]  INFO -- : roll_points
D, [2014-04-29T19:01:27.899986 #13742] DEBUG -- : 0
I, [2014-04-29T19:01:27.900045 #13742]  INFO -- : round_points
D, [2014-04-29T19:01:27.900090 #13742] DEBUG -- : 0
I, [2014-04-29T19:01:27.900136 #13742]  INFO -- : first_roll
D, [2014-04-29T19:01:27.900183 #13742] DEBUG -- : nil
I, [2014-04-29T19:01:29.189901 #13742]  INFO -- : roll_points
D, [2014-04-29T19:01:29.190194 #13742] DEBUG -- : 0
I, [2014-04-29T19:01:29.190286 #13742]  INFO -- : round_points
D, [2014-04-29T19:01:29.190354 #13742] DEBUG -- : 0
I, [2014-04-29T19:01:29.190421 #13742]  INFO -- : first_roll
D, [2014-04-29T19:01:29.190481 #13742] DEBUG -- : nil
I, [2014-04-29T19:01:30.535560 #13742]  INFO -- : roll_points
D, [2014-04-29T19:01:30.535888 #13742] DEBUG -- : 0
I, [2014-04-29T19:01:30.535987 #13742]  INFO -- : round_points
D, [2014-04-29T19:01:30.536054 #13742] DEBUG -- : 0
I, [2014-04-29T19:01:30.536131 #13742]  INFO -- : first_roll
D, [2014-04-29T19:01:30.536200 #13742] DEBUG -- : nil
I, [2014-04-29T19:01:31.791569 #13742]  INFO -- : roll_points
D, [2014-04-29T19:01:31.791870 #13742] DEBUG -- : 100
I, [2014-04-29T19:01:31.791964 #13742]  INFO -- : round_points
D, [2014-04-29T19:01:31.792039 #13742] DEBUG -- : 0
I, [2014-04-29T19:01:31.792110 #13742]  INFO -- : first_roll
D, [2014-04-29T19:01:31.792172 #13742] DEBUG -- : nil
I, [2014-04-29T19:01:33.528543 #13742]  INFO -- : roll_points
D, [2014-04-29T19:01:33.528726 #13742] DEBUG -- : 0
I, [2014-04-29T19:01:33.528835 #13742]  INFO -- : round_points
D, [2014-04-29T19:01:33.528926 #13742] DEBUG -- : 100
I, [2014-04-29T19:01:33.528989 #13742]  INFO -- : first_roll
D, [2014-04-29T19:01:33.529034 #13742] DEBUG -- : nil
I, [2014-04-29T19:01:34.527798 #13742]  INFO -- : roll_points
D, [2014-04-29T19:01:34.528092 #13742] DEBUG -- : 100
I, [2014-04-29T19:01:34.528185 #13742]  INFO -- : round_points
D, [2014-04-29T19:01:34.528257 #13742] DEBUG -- : 100
I, [2014-04-29T19:01:34.528320 #13742]  INFO -- : first_roll
D, [2014-04-29T19:01:34.528386 #13742] DEBUG -- : nil
I, [2014-04-29T19:01:35.510390 #13742]  INFO -- : roll_points
D, [2014-04-29T19:01:35.510714 #13742] DEBUG -- : 100
I, [2014-04-29T19:01:35.510805 #13742]  INFO -- : round_points
D, [2014-04-29T19:01:35.510881 #13742] DEBUG -- : 100
I, [2014-04-29T19:01:35.510947 #13742]  INFO -- : first_roll
D, [2014-04-29T19:01:35.511010 #13742] DEBUG -- : nil
I, [2014-04-29T19:01:37.934220 #13742]  INFO -- : roll_points
D, [2014-04-29T19:01:37.934347 #13742] DEBUG -- : 0
I, [2014-04-29T19:01:37.934404 #13742]  INFO -- : round_points
D, [2014-04-29T19:01:37.934449 #13742] DEBUG -- : 200
I, [2014-04-29T19:01:37.934504 #13742]  INFO -- : first_roll
D, [2014-04-29T19:01:37.934548 #13742] DEBUG -- : nil
I, [2014-04-29T19:01:39.514413 #13742]  INFO -- : roll_points
D, [2014-04-29T19:01:39.514544 #13742] DEBUG -- : 100
I, [2014-04-29T19:01:39.514601 #13742]  INFO -- : round_points
D, [2014-04-29T19:01:39.514648 #13742] DEBUG -- : 200
I, [2014-04-29T19:01:39.514692 #13742]  INFO -- : first_roll
D, [2014-04-29T19:01:39.514734 #13742] DEBUG -- : nil
I, [2014-04-29T19:01:40.830776 #13742]  INFO -- : roll_points
D, [2014-04-29T19:01:40.831069 #13742] DEBUG -- : 0
I, [2014-04-29T19:01:40.831155 #13742]  INFO -- : round_points
D, [2014-04-29T19:01:40.831222 #13742] DEBUG -- : 0
I, [2014-04-29T19:01:40.831289 #13742]  INFO -- : first_roll
D, [2014-04-29T19:01:40.831351 #13742] DEBUG -- : true
I, [2014-04-29T19:01:42.390376 #13742]  INFO -- : roll_points
D, [2014-04-29T19:01:42.390516 #13742] DEBUG -- : 0
I, [2014-04-29T19:01:42.390577 #13742]  INFO -- : round_points
D, [2014-04-29T19:01:42.390665 #13742] DEBUG -- : 0
I, [2014-04-29T19:01:42.390777 #13742]  INFO -- : first_roll
D, [2014-04-29T19:01:42.390822 #13742] DEBUG -- : nil
I, [2014-04-29T19:01:43.068940 #13742]  INFO -- : roll_points
D, [2014-04-29T19:01:43.069121 #13742] DEBUG -- : 0
I, [2014-04-29T19:01:43.069234 #13742]  INFO -- : round_points
D, [2014-04-29T19:01:43.069315 #13742] DEBUG -- : 0
I, [2014-04-29T19:01:43.069365 #13742]  INFO -- : first_roll
D, [2014-04-29T19:01:43.069410 #13742] DEBUG -- : nil
I, [2014-04-29T19:01:44.723494 #13742]  INFO -- : roll_points
D, [2014-04-29T19:01:44.723619 #13742] DEBUG -- : 0
I, [2014-04-29T19:01:44.723677 #13742]  INFO -- : round_points
D, [2014-04-29T19:01:44.723723 #13742] DEBUG -- : 0
I, [2014-04-29T19:01:44.723767 #13742]  INFO -- : first_roll
D, [2014-04-29T19:01:44.723810 #13742] DEBUG -- : nil
I, [2014-04-29T19:01:46.833536 #13742]  INFO -- : roll_points
D, [2014-04-29T19:01:46.833847 #13742] DEBUG -- : 300
I, [2014-04-29T19:01:46.833938 #13742]  INFO -- : round_points
D, [2014-04-29T19:01:46.833980 #13742] DEBUG -- : 0
I, [2014-04-29T19:01:46.834018 #13742]  INFO -- : first_roll
D, [2014-04-29T19:01:46.834056 #13742] DEBUG -- : nil
I, [2014-04-29T19:01:48.056423 #13742]  INFO -- : roll_points
D, [2014-04-29T19:01:48.056744 #13742] DEBUG -- : 350
I, [2014-04-29T19:01:48.056839 #13742]  INFO -- : round_points
D, [2014-04-29T19:01:48.056913 #13742] DEBUG -- : 0
I, [2014-04-29T19:01:48.056980 #13742]  INFO -- : first_roll
D, [2014-04-29T19:01:48.057054 #13742] DEBUG -- : nil
I, [2014-04-29T19:01:50.025562 #13742]  INFO -- : roll_points
D, [2014-04-29T19:01:50.025683 #13742] DEBUG -- : 0
I, [2014-04-29T19:01:50.025736 #13742]  INFO -- : round_points
D, [2014-04-29T19:01:50.025779 #13742] DEBUG -- : 0
I, [2014-04-29T19:01:50.025822 #13742]  INFO -- : first_roll
D, [2014-04-29T19:01:50.025862 #13742] DEBUG -- : true
I, [2014-04-29T19:01:51.907234 #13742]  INFO -- : roll_points
D, [2014-04-29T19:01:51.907392 #13742] DEBUG -- : 0
I, [2014-04-29T19:01:51.907472 #13742]  INFO -- : round_points
D, [2014-04-29T19:01:51.907551 #13742] DEBUG -- : 0
I, [2014-04-29T19:01:51.907620 #13742]  INFO -- : first_roll
D, [2014-04-29T19:01:51.907686 #13742] DEBUG -- : nil
I, [2014-04-29T19:01:52.566062 #13742]  INFO -- : roll_points
D, [2014-04-29T19:01:52.566348 #13742] DEBUG -- : 50
I, [2014-04-29T19:01:52.566502 #13742]  INFO -- : round_points
D, [2014-04-29T19:01:52.566629 #13742] DEBUG -- : 0
I, [2014-04-29T19:01:52.566768 #13742]  INFO -- : first_roll
D, [2014-04-29T19:01:52.566900 #13742] DEBUG -- : nil
I, [2014-04-29T19:01:53.974411 #13742]  INFO -- : roll_points
D, [2014-04-29T19:01:53.974534 #13742] DEBUG -- : 100
I, [2014-04-29T19:01:53.974598 #13742]  INFO -- : round_points
D, [2014-04-29T19:01:53.974645 #13742] DEBUG -- : 0
I, [2014-04-29T19:01:53.974688 #13742]  INFO -- : first_roll
D, [2014-04-29T19:01:53.974730 #13742] DEBUG -- : nil
I, [2014-04-29T19:01:55.084638 #13742]  INFO -- : roll_points
D, [2014-04-29T19:01:55.084876 #13742] DEBUG -- : 200
I, [2014-04-29T19:01:55.084961 #13742]  INFO -- : round_points
D, [2014-04-29T19:01:55.085030 #13742] DEBUG -- : 0
I, [2014-04-29T19:01:55.085103 #13742]  INFO -- : first_roll
D, [2014-04-29T19:01:55.085171 #13742] DEBUG -- : nil
I, [2014-04-29T19:01:55.710588 #13742]  INFO -- : roll_points
D, [2014-04-29T19:01:55.710712 #13742] DEBUG -- : 300
I, [2014-04-29T19:01:55.710769 #13742]  INFO -- : round_points
D, [2014-04-29T19:01:55.710816 #13742] DEBUG -- : 0
I, [2014-04-29T19:01:55.710860 #13742]  INFO -- : first_roll
D, [2014-04-29T19:01:55.710920 #13742] DEBUG -- : nil
I, [2014-04-29T19:01:56.420830 #13742]  INFO -- : roll_points
D, [2014-04-29T19:01:56.421119 #13742] DEBUG -- : 1100
I, [2014-04-29T19:01:56.421203 #13742]  INFO -- : round_points
D, [2014-04-29T19:01:56.421265 #13742] DEBUG -- : 0
I, [2014-04-29T19:01:56.421324 #13742]  INFO -- : first_roll
D, [2014-04-29T19:01:56.421380 #13742] DEBUG -- : nil
I, [2014-04-29T19:02:01.319068 #13742]  INFO -- : roll_points
D, [2014-04-29T19:02:01.319259 #13742] DEBUG -- : 1200
I, [2014-04-29T19:02:01.319336 #13742]  INFO -- : round_points
D, [2014-04-29T19:02:01.319399 #13742] DEBUG -- : 0
I, [2014-04-29T19:02:01.319467 #13742]  INFO -- : first_roll
D, [2014-04-29T19:02:01.319530 #13742] DEBUG -- : nil
I, [2014-04-29T19:02:02.714424 #13742]  INFO -- : roll_points
D, [2014-04-29T19:02:02.714838 #13742] DEBUG -- : 0
I, [2014-04-29T19:02:02.714987 #13742]  INFO -- : round_points
D, [2014-04-29T19:02:02.715107 #13742] DEBUG -- : 0
I, [2014-04-29T19:02:02.715241 #13742]  INFO -- : first_roll
D, [2014-04-29T19:02:02.715365 #13742] DEBUG -- : true
D, [2014-04-29T19:05:33.547883 #13750] DEBUG -- : 6
D, [2014-04-29T19:07:01.594631 #13753] DEBUG -- : 6
D, [2014-04-29T19:07:10.075413 #13753] DEBUG -- : 4
D, [2014-04-29T19:07:14.669830 #13753] DEBUG -- : 2
D, [2014-04-29T19:07:16.714082 #13753] DEBUG -- : 6
D, [2014-04-29T19:07:22.474800 #13753] DEBUG -- : 1
D, [2014-04-29T19:07:23.592697 #13753] DEBUG -- : 6
D, [2014-04-29T19:07:26.215797 #13753] DEBUG -- : 4
D, [2014-04-29T19:07:30.043228 #13753] DEBUG -- : 1
D, [2014-04-29T19:07:34.125062 #13753] DEBUG -- : 0
D, [2014-04-29T19:07:38.458417 #13753] DEBUG -- : 4
D, [2014-04-29T19:07:41.118894 #13753] DEBUG -- : 2
D, [2014-04-29T19:07:43.580669 #13753] DEBUG -- : 1
D, [2014-04-29T19:07:46.372233 #13753] DEBUG -- : 6
D, [2014-04-29T19:07:49.834418 #13753] DEBUG -- : 3
D, [2014-04-29T19:07:52.149893 #13753] DEBUG -- : 2
D, [2014-04-29T19:07:53.488348 #13753] DEBUG -- : 6
D, [2014-04-29T19:07:55.854839 #13753] DEBUG -- : 4
D, [2014-04-29T19:07:58.486111 #13753] DEBUG -- : 2
D, [2014-04-29T19:08:01.339513 #13753] DEBUG -- : 0
D, [2014-04-29T19:08:03.957945 #13753] DEBUG -- : 4
D, [2014-04-29T19:08:06.282122 #13753] DEBUG -- : 3
D, [2014-04-29T19:08:08.246221 #13753] DEBUG -- : 2
D, [2014-04-29T19:08:10.448645 #13753] DEBUG -- : 1
D, [2014-04-29T19:08:13.063602 #13753] DEBUG -- : 0
D, [2014-04-29T19:08:17.465294 #13753] DEBUG -- : 2
D, [2014-04-29T19:08:19.449997 #13753] DEBUG -- : 1
D, [2014-04-29T19:08:21.535079 #13753] DEBUG -- : 6
